\BOOKMARK [0][-]{chapter*.1}{Acknowledgement}{}% 1
\BOOKMARK [0][-]{chapter*.2}{Abstract}{}% 2
\BOOKMARK [0][-]{section*.3}{Contents}{}% 3
\BOOKMARK [0][-]{chapter.1}{Introduction}{}% 4
\BOOKMARK [1][-]{section.1.1}{Supervised Learning}{chapter.1}% 5
\BOOKMARK [1][-]{section.1.2}{Bias Variance Tradeoff}{chapter.1}% 6
\BOOKMARK [1][-]{section.1.3}{Modern Machine Learning}{chapter.1}% 7
\BOOKMARK [1][-]{section.1.4}{Research Question}{chapter.1}% 8
\BOOKMARK [0][-]{chapter.2}{Kernels}{}% 9
\BOOKMARK [1][-]{section.2.1}{Notation}{chapter.2}% 10
\BOOKMARK [1][-]{section.2.2}{Definition and Properties}{chapter.2}% 11
\BOOKMARK [1][-]{section.2.3}{Reproducing Kernel Hilbert Spaces}{chapter.2}% 12
\BOOKMARK [0][-]{chapter.3}{Overfitted and Interpolated Kernel Classifiers}{}% 13
\BOOKMARK [0][-]{chapter.4}{Existing Bounds}{}% 14
\BOOKMARK [1][-]{section.4.1}{Existing Bounds Provide No Guarantees for Interpolated Kernel Classifiers}{chapter.4}% 15
\BOOKMARK [0][-]{chapter.5}{Double Descent}{}% 16
\BOOKMARK [1][-]{section.5.1}{Double Descent Curve}{chapter.5}% 17
\BOOKMARK [1][-]{section.5.2}{Random Fourier Features}{chapter.5}% 18
\BOOKMARK [1][-]{section.5.3}{Experiment}{chapter.5}% 19
\BOOKMARK [1][-]{section.5.4}{Plausible Explanations}{chapter.5}% 20
\BOOKMARK [0][-]{chapter.6}{Approximation and Estimation}{}% 21
\BOOKMARK [1][-]{section.6.1}{Notations}{chapter.6}% 22
\BOOKMARK [1][-]{section.6.2}{Interpolation Estimates}{chapter.6}% 23
\BOOKMARK [1][-]{section.6.3}{Approximation Theorem}{chapter.6}% 24
\BOOKMARK [0][-]{chapter.7}{Other Notes}{}% 25
\BOOKMARK [1][-]{section.7.1}{Weaknesses}{chapter.7}% 26
\BOOKMARK [0][-]{appendix.A}{Your first appendix}{}% 27
\BOOKMARK [0][-]{section*.5}{Bibliography}{}% 28
